<?xml version="1.0" encoding="UTF-8"?>
<!-- Generated by org.testng.reporters.JUnitXMLReporter -->
<testsuite hostname="Bikash-ThinkPad-E14-Gen-3" ignored="1" tests="3" failures="0" timestamp="2022-04-14T12:09:17 IST" time="5.44" errors="0">
  <testcase name="Demo" time="0.004" classname="day1"/>
  <testcase name="ploan" time="0.0" classname="day2"/>
  <testcase name="staticDropdown" time="5.395" classname="StaticDropdown"/>
  <testcase name="SecondTest" time="0.0" classname="day1">
    <ignored/>
  </testcase> <!-- SecondTest -->
</testsuite>
